2025-11-27 19:17:03, MOVE, v:1, k:poo@contato, mode:PICK
2025-11-27 19:17:20, EXEC, v:1, k:poo@contato, mode:FULL, rate:100, size:79
2025-11-27 19:17:21, EXEC, v:1, k:poo@contato, mode:FULL, rate:100
2025-11-27 19:17:22, EXEC, v:1, k:poo@contato, mode:FULL, rate:100
2025-11-27 19:17:22, EXEC, v:1, k:poo@contato, mode:FULL, rate:100
2025-11-27 19:17:22, EXEC, v:1, k:poo@contato, mode:FULL, rate:100
2025-11-27 19:17:23, EXEC, v:1, k:poo@contato, mode:FULL, rate:100
2025-11-27 19:17:24, MOVE, v:1, k:poo@contato, mode:BACK
2025-11-27 19:17:26, MOVE, v:1, k:poo@agenda, mode:PICK
2025-11-27 19:17:41, MOVE, v:1, k:poo@agenda, mode:BACK
2025-11-27 22:22:13, MOVE, v:1, k:poo@contato, mode:PICK
2025-11-27 22:22:14, EXEC, v:1, k:poo@contato, mode:FULL, rate:100, size:81
2025-11-27 22:22:15, MOVE, v:1, k:poo@contato, mode:BACK
2025-11-27 22:22:32, SELF, v:1, k:poo@contato, rate:100, alone:7
2025-11-27 22:25:56, MOVE, v:1, k:poo@contato, mode:PICK
2025-11-27 22:26:06, MOVE, v:1, k:poo@contato, mode:BACK
2025-11-27 23:22:13, MOVE, v:1, k:poo@contato, mode:PICK
2025-11-27 23:25:20, EXEC, v:1, k:poo@contato, mode:FULL, rate:100, size:83
2025-11-27 23:25:21, MOVE, v:1, k:poo@contato, mode:BACK
2025-11-27 23:29:43, MOVE, v:1, k:poo@contato, mode:PICK
2025-11-27 23:29:44, EXEC, v:1, k:poo@contato, mode:FULL, rate:100
2025-11-27 23:29:46, MOVE, v:1, k:poo@contato, mode:BACK
2025-11-27 23:29:51, MOVE, v:1, k:poo@contato, mode:PICK
2025-11-27 23:29:52, EXEC, v:1, k:poo@contato, mode:FULL, rate:100
2025-11-27 23:29:53, MOVE, v:1, k:poo@contato, mode:BACK
2025-11-27 23:40:27, MOVE, v:1, k:poo@agenda, mode:PICK
2025-11-27 23:41:00, EXEC, v:1, k:poo@agenda, mode:FREE, size:131
2025-11-27 23:41:30, EXEC, v:1, k:poo@agenda, mode:FULL, rate:0
2025-11-27 23:49:58, MOVE, v:1, k:poo@agenda, mode:BACK
